c:\users\pluveto\source\repos\graphicstablet36notes\graphicstablet36notes\debug\vc142.pdb
c:\users\pluveto\source\repos\graphicstablet36notes\graphicstablet36notes\debug\driver.obj
c:\users\pluveto\source\repos\graphicstablet36notes\graphicstablet36notes\debug\graphicstablet36notes.res
c:\users\pluveto\source\repos\graphicstablet36notes\graphicstablet36notes\debug\graphicstablet36notes.inf
c:\users\pluveto\source\repos\graphicstablet36notes\debug\graphicstablet36notes.inf
c:\users\pluveto\source\repos\graphicstablet36notes\debug\graphicstablet36notes.pdb
c:\users\pluveto\source\repos\graphicstablet36notes\graphicstablet36notes\debug\graphics.d88d96ff.tlog\cl.command.1.tlog
c:\users\pluveto\source\repos\graphicstablet36notes\graphicstablet36notes\debug\graphics.d88d96ff.tlog\cl.read.1.tlog
c:\users\pluveto\source\repos\graphicstablet36notes\graphicstablet36notes\debug\graphics.d88d96ff.tlog\cl.write.1.tlog
c:\users\pluveto\source\repos\graphicstablet36notes\graphicstablet36notes\debug\graphics.d88d96ff.tlog\link-cvtres.read.1.tlog
c:\users\pluveto\source\repos\graphicstablet36notes\graphicstablet36notes\debug\graphics.d88d96ff.tlog\link-cvtres.write.1.tlog
c:\users\pluveto\source\repos\graphicstablet36notes\graphicstablet36notes\debug\graphics.d88d96ff.tlog\link.command.1.tlog
c:\users\pluveto\source\repos\graphicstablet36notes\graphicstablet36notes\debug\graphics.d88d96ff.tlog\link.read.1.tlog
c:\users\pluveto\source\repos\graphicstablet36notes\graphicstablet36notes\debug\graphics.d88d96ff.tlog\link.write.1.tlog
c:\users\pluveto\source\repos\graphicstablet36notes\graphicstablet36notes\debug\graphics.d88d96ff.tlog\rc.command.1.tlog
c:\users\pluveto\source\repos\graphicstablet36notes\graphicstablet36notes\debug\graphics.d88d96ff.tlog\rc.read.1.tlog
c:\users\pluveto\source\repos\graphicstablet36notes\graphicstablet36notes\debug\graphics.d88d96ff.tlog\rc.write.1.tlog
c:\users\pluveto\source\repos\graphicstablet36notes\graphicstablet36notes\debug\graphics.d88d96ff.tlog\stampinf.command.1.tlog
c:\users\pluveto\source\repos\graphicstablet36notes\graphicstablet36notes\debug\graphics.d88d96ff.tlog\stampinf.read.1.tlog
c:\users\pluveto\source\repos\graphicstablet36notes\graphicstablet36notes\debug\graphics.d88d96ff.tlog\stampinf.write.1.tlog
