c:\users\pluveto\source\repos\graphicstablet36notes\x64\debug\graphicstablet36notes.sys
c:\users\pluveto\source\repos\graphicstablet36notes\x64\debug\graphicstablet36notes.pdb
c:\users\pluveto\source\repos\graphicstablet36notes\graphicstablet36notes\x64\debug\graphicstablet36notes.res
c:\users\pluveto\source\repos\graphicstablet36notes\x64\debug\graphicstablet36notes\graphicstablet36notes.cat
c:\users\pluveto\source\repos\graphicstablet36notes\graphicstablet36notes\x64\debug\graphicstablet36notes.inf
c:\users\pluveto\source\repos\graphicstablet36notes\x64\debug\graphicstablet36notes.cer
c:\users\pluveto\source\repos\graphicstablet36notes\x64\debug\graphicstablet36notes.inf
c:\users\pluveto\source\repos\graphicstablet36notes\graphicstablet36notes\x64\debug\vc142.pdb
c:\users\pluveto\source\repos\graphicstablet36notes\graphicstablet36notes\x64\debug\graphics.d88d96ff.tlog\cl.command.1.tlog
c:\users\pluveto\source\repos\graphicstablet36notes\graphicstablet36notes\x64\debug\graphics.d88d96ff.tlog\inf2cat-expand.10904.read.1.tlog
c:\users\pluveto\source\repos\graphicstablet36notes\graphicstablet36notes\x64\debug\graphics.d88d96ff.tlog\inf2cat-expand.10904.write.1.tlog
c:\users\pluveto\source\repos\graphicstablet36notes\graphicstablet36notes\x64\debug\graphics.d88d96ff.tlog\inf2cat-expand.15208.read.1.tlog
c:\users\pluveto\source\repos\graphicstablet36notes\graphicstablet36notes\x64\debug\graphics.d88d96ff.tlog\inf2cat-expand.15208.write.1.tlog
c:\users\pluveto\source\repos\graphicstablet36notes\graphicstablet36notes\x64\debug\graphics.d88d96ff.tlog\inf2cat-expand.15408.read.1.tlog
c:\users\pluveto\source\repos\graphicstablet36notes\graphicstablet36notes\x64\debug\graphics.d88d96ff.tlog\inf2cat-expand.15408.write.1.tlog
c:\users\pluveto\source\repos\graphicstablet36notes\graphicstablet36notes\x64\debug\graphics.d88d96ff.tlog\inf2cat-expand.16004.read.1.tlog
c:\users\pluveto\source\repos\graphicstablet36notes\graphicstablet36notes\x64\debug\graphics.d88d96ff.tlog\inf2cat-expand.16004.write.1.tlog
c:\users\pluveto\source\repos\graphicstablet36notes\graphicstablet36notes\x64\debug\graphics.d88d96ff.tlog\inf2cat-expand.16284.read.1.tlog
c:\users\pluveto\source\repos\graphicstablet36notes\graphicstablet36notes\x64\debug\graphics.d88d96ff.tlog\inf2cat-expand.16284.write.1.tlog
c:\users\pluveto\source\repos\graphicstablet36notes\graphicstablet36notes\x64\debug\graphics.d88d96ff.tlog\inf2cat-expand.17272.read.1.tlog
c:\users\pluveto\source\repos\graphicstablet36notes\graphicstablet36notes\x64\debug\graphics.d88d96ff.tlog\inf2cat-expand.17272.write.1.tlog
c:\users\pluveto\source\repos\graphicstablet36notes\graphicstablet36notes\x64\debug\graphics.d88d96ff.tlog\inf2cat-expand.17304.read.1.tlog
c:\users\pluveto\source\repos\graphicstablet36notes\graphicstablet36notes\x64\debug\graphics.d88d96ff.tlog\inf2cat-expand.17304.write.1.tlog
c:\users\pluveto\source\repos\graphicstablet36notes\graphicstablet36notes\x64\debug\graphics.d88d96ff.tlog\inf2cat-expand.17848.read.1.tlog
c:\users\pluveto\source\repos\graphicstablet36notes\graphicstablet36notes\x64\debug\graphics.d88d96ff.tlog\inf2cat-expand.17848.write.1.tlog
c:\users\pluveto\source\repos\graphicstablet36notes\graphicstablet36notes\x64\debug\graphics.d88d96ff.tlog\inf2cat-expand.18880.read.1.tlog
c:\users\pluveto\source\repos\graphicstablet36notes\graphicstablet36notes\x64\debug\graphics.d88d96ff.tlog\inf2cat-expand.18880.write.1.tlog
c:\users\pluveto\source\repos\graphicstablet36notes\graphicstablet36notes\x64\debug\graphics.d88d96ff.tlog\inf2cat-expand.19168.read.1.tlog
c:\users\pluveto\source\repos\graphicstablet36notes\graphicstablet36notes\x64\debug\graphics.d88d96ff.tlog\inf2cat-expand.19168.write.1.tlog
c:\users\pluveto\source\repos\graphicstablet36notes\graphicstablet36notes\x64\debug\graphics.d88d96ff.tlog\inf2cat-expand.19916.read.1.tlog
c:\users\pluveto\source\repos\graphicstablet36notes\graphicstablet36notes\x64\debug\graphics.d88d96ff.tlog\inf2cat-expand.19916.write.1.tlog
c:\users\pluveto\source\repos\graphicstablet36notes\graphicstablet36notes\x64\debug\graphics.d88d96ff.tlog\inf2cat-expand.22476.read.1.tlog
c:\users\pluveto\source\repos\graphicstablet36notes\graphicstablet36notes\x64\debug\graphics.d88d96ff.tlog\inf2cat-expand.22476.write.1.tlog
c:\users\pluveto\source\repos\graphicstablet36notes\graphicstablet36notes\x64\debug\graphics.d88d96ff.tlog\inf2cat-expand.2616.read.1.tlog
c:\users\pluveto\source\repos\graphicstablet36notes\graphicstablet36notes\x64\debug\graphics.d88d96ff.tlog\inf2cat-expand.2616.write.1.tlog
c:\users\pluveto\source\repos\graphicstablet36notes\graphicstablet36notes\x64\debug\graphics.d88d96ff.tlog\inf2cat-expand.420.read.1.tlog
c:\users\pluveto\source\repos\graphicstablet36notes\graphicstablet36notes\x64\debug\graphics.d88d96ff.tlog\inf2cat-expand.420.write.1.tlog
c:\users\pluveto\source\repos\graphicstablet36notes\graphicstablet36notes\x64\debug\graphics.d88d96ff.tlog\inf2cat-expand.4284.read.1.tlog
c:\users\pluveto\source\repos\graphicstablet36notes\graphicstablet36notes\x64\debug\graphics.d88d96ff.tlog\inf2cat-expand.4284.write.1.tlog
c:\users\pluveto\source\repos\graphicstablet36notes\graphicstablet36notes\x64\debug\graphics.d88d96ff.tlog\inf2cat-expand.4320.read.1.tlog
c:\users\pluveto\source\repos\graphicstablet36notes\graphicstablet36notes\x64\debug\graphics.d88d96ff.tlog\inf2cat-expand.4320.write.1.tlog
c:\users\pluveto\source\repos\graphicstablet36notes\graphicstablet36notes\x64\debug\graphics.d88d96ff.tlog\inf2cat-expand.5888.read.1.tlog
c:\users\pluveto\source\repos\graphicstablet36notes\graphicstablet36notes\x64\debug\graphics.d88d96ff.tlog\inf2cat-expand.5888.write.1.tlog
c:\users\pluveto\source\repos\graphicstablet36notes\graphicstablet36notes\x64\debug\graphics.d88d96ff.tlog\inf2cat-expand.read.1.tlog
c:\users\pluveto\source\repos\graphicstablet36notes\graphicstablet36notes\x64\debug\graphics.d88d96ff.tlog\inf2cat-expand.write.1.tlog
c:\users\pluveto\source\repos\graphicstablet36notes\graphicstablet36notes\x64\debug\graphics.d88d96ff.tlog\inf2cat.command.1.tlog
c:\users\pluveto\source\repos\graphicstablet36notes\graphicstablet36notes\x64\debug\graphics.d88d96ff.tlog\inf2cat.read.1.tlog
c:\users\pluveto\source\repos\graphicstablet36notes\graphicstablet36notes\x64\debug\graphics.d88d96ff.tlog\inf2cat.write.1.tlog
c:\users\pluveto\source\repos\graphicstablet36notes\graphicstablet36notes\x64\debug\graphics.d88d96ff.tlog\link.command.1.tlog
c:\users\pluveto\source\repos\graphicstablet36notes\graphicstablet36notes\x64\debug\graphics.d88d96ff.tlog\link.delete.1.tlog
c:\users\pluveto\source\repos\graphicstablet36notes\graphicstablet36notes\x64\debug\graphics.d88d96ff.tlog\link.read.1.tlog
c:\users\pluveto\source\repos\graphicstablet36notes\graphicstablet36notes\x64\debug\graphics.d88d96ff.tlog\link.write.1.tlog
c:\users\pluveto\source\repos\graphicstablet36notes\graphicstablet36notes\x64\debug\graphics.d88d96ff.tlog\rc.command.1.tlog
c:\users\pluveto\source\repos\graphicstablet36notes\graphicstablet36notes\x64\debug\graphics.d88d96ff.tlog\rc.read.1.tlog
c:\users\pluveto\source\repos\graphicstablet36notes\graphicstablet36notes\x64\debug\graphics.d88d96ff.tlog\rc.write.1.tlog
c:\users\pluveto\source\repos\graphicstablet36notes\graphicstablet36notes\x64\debug\graphics.d88d96ff.tlog\signtool.command.1.tlog
c:\users\pluveto\source\repos\graphicstablet36notes\graphicstablet36notes\x64\debug\graphics.d88d96ff.tlog\signtool.read.1.tlog
c:\users\pluveto\source\repos\graphicstablet36notes\graphicstablet36notes\x64\debug\graphics.d88d96ff.tlog\signtool.timestamp.1.tlog
c:\users\pluveto\source\repos\graphicstablet36notes\graphicstablet36notes\x64\debug\graphics.d88d96ff.tlog\signtool.write.1.tlog
c:\users\pluveto\source\repos\graphicstablet36notes\graphicstablet36notes\x64\debug\graphics.d88d96ff.tlog\stampinf.command.1.tlog
c:\users\pluveto\source\repos\graphicstablet36notes\graphicstablet36notes\x64\debug\graphics.d88d96ff.tlog\stampinf.read.1.tlog
c:\users\pluveto\source\repos\graphicstablet36notes\graphicstablet36notes\x64\debug\graphics.d88d96ff.tlog\stampinf.write.1.tlog
